<?xml version="1.0" encoding="UTF-8"?>
<!-- Generated by org.testng.reporters.JUnitReportReporter -->
<testsuite hostname="DESKTOP-7GC1PIP" failures="0" tests="1" name="com.ppt.Demoweb_login" time="6.674" errors="0" timestamp="2022-10-19T10:48:43 IST" skipped="0">
  <testcase classname="com.ppt.Demoweb_login" name="Register_page" time="6.674"/>
  <system-out/>
</testsuite> <!-- com.ppt.Demoweb_login -->
