<?xml version="1.0" encoding="UTF-8"?>
<!-- Generated by org.testng.reporters.JUnitReportReporter -->
<testsuite hostname="DESKTOP-7GC1PIP" failures="0" tests="2" name="com.ppt.Login_test" time="0.018" errors="0" timestamp="2022-10-18T14:15:36 IST" skipped="0">
  <testcase classname="com.ppt.Login_test" name="testlogin1" time="0.016"/>
  <system-out/>
  <testcase classname="com.ppt.Login_test" name="testlogin2" time="0.002"/>
  <system-out/>
</testsuite> <!-- com.ppt.Login_test -->
