<?xml version="1.0" encoding="UTF-8"?>
<!-- Generated by org.testng.reporters.JUnitReportReporter -->
<testsuite hostname="DESKTOP-7GC1PIP" failures="0" tests="2" name="com.ppt.Parametrization" time="10.203" errors="0" timestamp="2022-10-18T14:15:36 IST" skipped="0">
  <testcase classname="com.ppt.Parametrization" name="Lunchurl_test" time="9.191"/>
  <system-out/>
  <testcase classname="com.ppt.Parametrization" name="Login_test" time="1.012"/>
  <system-out/>
</testsuite> <!-- com.ppt.Parametrization -->
