<?xml version="1.0" encoding="UTF-8"?>
<!-- Generated by org.testng.reporters.JUnitReportReporter -->
<testsuite hostname="DESKTOP-7GC1PIP" failures="0" tests="2" name="com.ppt.Parametrization" time="7.488" errors="0" timestamp="2022-10-19T10:48:43 IST" skipped="0">
  <testcase classname="com.ppt.Parametrization" name="Lunchurl_test" time="6.716"/>
  <system-out/>
  <testcase classname="com.ppt.Parametrization" name="Login_test" time="0.772"/>
  <system-out/>
</testsuite> <!-- com.ppt.Parametrization -->
